# JRE version: OpenJDK Runtime Environment (8.0_112-b06) (build 1.8.0_112-release-b06)
# Java VM: OpenJDK 64-Bit Server VM (25.112-b06 mixed mode windows-amd64 compressed oops)
Heap:
 PSYoungGen      total 243712K, used 126270K [0x00000000e0000000, 0x00000000f0800000, 0x0000000100000000)
  eden space 227328K, 55% used [0x00000000e0000000,0x00000000e7b4fbc8,0x00000000ede00000)
  from space 16384K, 0% used [0x00000000ef800000,0x00000000ef800000,0x00000000f0800000)
  to   space 21504K, 0% used [0x00000000ede00000,0x00000000ede00000,0x00000000ef300000)
 ParOldGen       total 218112K, used 18992K [0x00000000a0000000, 0x00000000ad500000, 0x00000000e0000000)
  object space 218112K, 8% used [0x00000000a0000000,0x00000000a128c350,0x00000000ad500000)
 Metaspace       used 43293K, capacity 44330K, committed 44544K, reserved 1087488K
  class space    used 5778K, capacity 6044K, committed 6144K, reserved 1048576K
GC Heap History (10 events):
Event: 6.354 GC heap before
{Heap before GC invocations=2 (full 0):
 PSYoungGen      total 151552K, used 27523K [0x00000000e0000000, 0x00000000ea900000, 0x0000000100000000)
  eden space 130048K, 8% used [0x00000000e0000000,0x00000000e0af18d0,0x00000000e7f00000)
  from space 21504K, 75% used [0x00000000e7f00000,0x00000000e8eef5e0,0x00000000e9400000)
  to   space 21504K, 0% used [0x00000000e9400000,0x00000000e9400000,0x00000000ea900000)
 ParOldGen       total 347136K, used 24K [0x00000000a0000000, 0x00000000b5300000, 0x00000000e0000000)
  object space 347136K, 0% used [0x00000000a0000000,0x00000000a0006000,0x00000000b5300000)
 Metaspace       used 20827K, capacity 21182K, committed 21248K, reserved 1067008K
  class space    used 2678K, capacity 2807K, committed 2816K, reserved 1048576K
Event: 6.374 GC heap after
Heap after GC invocations=2 (full 0):
 PSYoungGen      total 151552K, used 8398K [0x00000000e0000000, 0x00000000f2800000, 0x0000000100000000)
  eden space 130048K, 0% used [0x00000000e0000000,0x00000000e0000000,0x00000000e7f00000)
  from space 21504K, 39% used [0x00000000e9400000,0x00000000e9c339b0,0x00000000ea900000)
  to   space 21504K, 0% used [0x00000000e7f00000,0x00000000e7f00000,0x00000000e9400000)
 ParOldGen       total 347136K, used 32K [0x00000000a0000000, 0x00000000b5300000, 0x00000000e0000000)
  object space 347136K, 0% used [0x00000000a0000000,0x00000000a0008000,0x00000000b5300000)
 Metaspace       used 20827K, capacity 21182K, committed 21248K, reserved 1067008K
  class space    used 2678K, capacity 2807K, committed 2816K, reserved 1048576K
}
Event: 6.374 GC heap before
{Heap before GC invocations=3 (full 1):
 PSYoungGen      total 151552K, used 8398K [0x00000000e0000000, 0x00000000f2800000, 0x0000000100000000)
  eden space 130048K, 0% used [0x00000000e0000000,0x00000000e0000000,0x00000000e7f00000)
  from space 21504K, 39% used [0x00000000e9400000,0x00000000e9c339b0,0x00000000ea900000)
  to   space 21504K, 0% used [0x00000000e7f00000,0x00000000e7f00000,0x00000000e9400000)
 ParOldGen       total 347136K, used 32K [0x00000000a0000000, 0x00000000b5300000, 0x00000000e0000000)
  object space 347136K, 0% used [0x00000000a0000000,0x00000000a0008000,0x00000000b5300000)
 Metaspace       used 20827K, capacity 21182K, committed 21248K, reserved 1067008K
  class space    used 2678K, capacity 2807K, committed 2816K, reserved 1048576K
Event: 6.447 GC heap after
Heap after GC invocations=3 (full 1):
 PSYoungGen      total 151552K, used 0K [0x00000000e0000000, 0x00000000f2800000, 0x0000000100000000)
  eden space 130048K, 0% used [0x00000000e0000000,0x00000000e0000000,0x00000000e7f00000)
  from space 21504K, 0% used [0x00000000e9400000,0x00000000e9400000,0x00000000ea900000)
  to   space 21504K, 0% used [0x00000000e7f00000,0x00000000e7f00000,0x00000000e9400000)
 ParOldGen       total 159232K, used 8129K [0x00000000a0000000, 0x00000000a9b80000, 0x00000000e0000000)
  object space 159232K, 5% used [0x00000000a0000000,0x00000000a07f06b0,0x00000000a9b80000)
 Metaspace       used 20827K, capacity 21182K, committed 21248K, reserved 1067008K
  class space    used 2678K, capacity 2807K, committed 2816K, reserved 1048576K
}
Event: 7.874 GC heap before
{Heap before GC invocations=4 (full 1):
 PSYoungGen      total 151552K, used 130048K [0x00000000e0000000, 0x00000000f2800000, 0x0000000100000000)
  eden space 130048K, 100% used [0x00000000e0000000,0x00000000e7f00000,0x00000000e7f00000)
  from space 21504K, 0% used [0x00000000e9400000,0x00000000e9400000,0x00000000ea900000)
  to   space 21504K, 0% used [0x00000000e7f00000,0x00000000e7f00000,0x00000000e9400000)
 ParOldGen       total 159232K, used 8129K [0x00000000a0000000, 0x00000000a9b80000, 0x00000000e0000000)
  object space 159232K, 5% used [0x00000000a0000000,0x00000000a07f06b0,0x00000000a9b80000)
 Metaspace       used 29218K, capacity 29926K, committed 30208K, reserved 1075200K
  class space    used 4004K, capacity 4234K, committed 4352K, reserved 1048576K
Event: 7.882 GC heap after
Heap after GC invocations=4 (full 1):
 PSYoungGen      total 151552K, used 12580K [0x00000000e0000000, 0x00000000f0d00000, 0x0000000100000000)
  eden space 130048K, 0% used [0x00000000e0000000,0x00000000e0000000,0x00000000e7f00000)
  from space 21504K, 58% used [0x00000000e7f00000,0x00000000e8b491e0,0x00000000e9400000)
  to   space 21504K, 0% used [0x00000000ef800000,0x00000000ef800000,0x00000000f0d00000)
 ParOldGen       total 159232K, used 8137K [0x00000000a0000000, 0x00000000a9b80000, 0x00000000e0000000)
  object space 159232K, 5% used [0x00000000a0000000,0x00000000a07f26b0,0x00000000a9b80000)
 Metaspace       used 29218K, capacity 29926K, committed 30208K, reserved 1075200K
  class space    used 4004K, capacity 4234K, committed 4352K, reserved 1048576K
}
Event: 9.099 GC heap before
{Heap before GC invocations=5 (full 1):
 PSYoungGen      total 151552K, used 124586K [0x00000000e0000000, 0x00000000f0d00000, 0x0000000100000000)
  eden space 130048K, 86% used [0x00000000e0000000,0x00000000e6d61668,0x00000000e7f00000)
  from space 21504K, 58% used [0x00000000e7f00000,0x00000000e8b491e0,0x00000000e9400000)
  to   space 21504K, 0% used [0x00000000ef800000,0x00000000ef800000,0x00000000f0d00000)
 ParOldGen       total 159232K, used 8137K [0x00000000a0000000, 0x00000000a9b80000, 0x00000000e0000000)
  object space 159232K, 5% used [0x00000000a0000000,0x00000000a07f26b0,0x00000000a9b80000)
 Metaspace       used 34576K, capacity 35304K, committed 35416K, reserved 1079296K
  class space    used 4663K, capacity 4858K, committed 4864K, reserved 1048576K
Event: 9.111 GC heap after
Heap after GC invocations=5 (full 1):
 PSYoungGen      total 243712K, used 12087K [0x00000000e0000000, 0x00000000f0800000, 0x0000000100000000)
  eden space 227328K, 0% used [0x00000000e0000000,0x00000000e0000000,0x00000000ede00000)
  from space 16384K, 73% used [0x00000000ef800000,0x00000000f03cdc00,0x00000000f0800000)
  to   space 21504K, 0% used [0x00000000ede00000,0x00000000ede00000,0x00000000ef300000)
 ParOldGen       total 159232K, used 8145K [0x00000000a0000000, 0x00000000a9b80000, 0x00000000e0000000)
  object space 159232K, 5% used [0x00000000a0000000,0x00000000a07f46b0,0x00000000a9b80000)
 Metaspace       used 34576K, capacity 35304K, committed 35416K, reserved 1079296K
  class space    used 4663K, capacity 4858K, committed 4864K, reserved 1048576K
}
Event: 9.111 GC heap before
{Heap before GC invocations=6 (full 2):
 PSYoungGen      total 243712K, used 12087K [0x00000000e0000000, 0x00000000f0800000, 0x0000000100000000)
  eden space 227328K, 0% used [0x00000000e0000000,0x00000000e0000000,0x00000000ede00000)
  from space 16384K, 73% used [0x00000000ef800000,0x00000000f03cdc00,0x00000000f0800000)
  to   space 21504K, 0% used [0x00000000ede00000,0x00000000ede00000,0x00000000ef300000)
 ParOldGen       total 159232K, used 8145K [0x00000000a0000000, 0x00000000a9b80000, 0x00000000e0000000)
  object space 159232K, 5% used [0x00000000a0000000,0x00000000a07f46b0,0x00000000a9b80000)
 Metaspace       used 34576K, capacity 35304K, committed 35416K, reserved 1079296K
  class space    used 4663K, capacity 4858K, committed 4864K, reserved 1048576K
Event: 9.163 GC heap after
Heap after GC invocations=6 (full 2):
 PSYoungGen      total 243712K, used 0K [0x00000000e0000000, 0x00000000f0800000, 0x0000000100000000)
  eden space 227328K, 0% used [0x00000000e0000000,0x00000000e0000000,0x00000000ede00000)
  from space 16384K, 0% used [0x00000000ef800000,0x00000000ef800000,0x00000000f0800000)
  to   space 21504K, 0% used [0x00000000ede00000,0x00000000ede00000,0x00000000ef300000)
 ParOldGen       total 218112K, used 18992K [0x00000000a0000000, 0x00000000ad500000, 0x00000000e0000000)
  object space 218112K, 8% used [0x00000000a0000000,0x00000000a128c350,0x00000000ad500000)
 Metaspace       used 34576K, capacity 35304K, committed 35416K, reserved 1079296K
  class space    used 4663K, capacity 4858K, committed 4864K, reserved 1048576K
}

